<?xml version="1.0" encoding="UTF-8"?>
<!-- Generated by org.testng.reporters.JUnitXMLReporter -->
<testsuite ignored="2" hostname="DESKTOP-S16N51Q" failures="1" tests="1" name="Test(failed)" time="0.057" errors="0" timestamp="2022-03-11T07:42:08 IST">
  <testcase classname="com.actitime.testsrcipt.CustomerModule" name="testCreateCustomer" time="0.008">
    <failure type="java.lang.AssertionError" message="null">
      <![CDATA[java.lang.AssertionError: null
at com.actitime.testsrcipt.CustomerModule.testCreateCustomer(CustomerModule.java:15)
at java.base/java.util.ArrayList.forEach(ArrayList.java:1511)
... Removed 29 stack frames]]>
    </failure>
  </testcase> <!-- testCreateCustomer -->
  <testcase classname="com.actitime.testsrcipt.CustomerModule" name="testModifyCustomer" time="0.0">
    <ignored/>
  </testcase> <!-- testModifyCustomer -->
  <testcase classname="com.actitime.testsrcipt.CustomerModule" name="testDeleteCustomer" time="0.0">
    <ignored/>
  </testcase> <!-- testDeleteCustomer -->
</testsuite> <!-- Test(failed) -->
